Start testing: Dec 01 19:07 CET
----------------------------------------------------------
1/13 Testing: --- Calcul de l'équation au temps : 2 ---.ix_iu_upwindu_laxwendroffu_exact
1/13 Test: --- Calcul de l'équation au temps : 2 ---.ix_iu_upwindu_laxwendroffu_exact
Command: "/home/oem/Desktop/projet cpp/build/tests" "--gtest_filter=--- Calcul de l'équation au temps : 2 ---.ix_iu_upwindu_laxwendroffu_exact" "--gtest_also_run_disabled_tests"
Directory: /home/oem/Desktop/projet cpp/build
"--- Calcul de l'équation au temps : 2 ---.ix_iu_upwindu_laxwendroffu_exact" start time: Dec 01 19:07 CET
Output:
----------------------------------------------------------
--- Résolution du problème ---
--- Calcul de l'équation au temps : 0 ---
--- Calcul de l'équation au temps : 1 ---
--- Calcul de l'équation au temps : 2 ---
  i            x_i       u_upwind  u_laxwendroff        u_exact
  0              0    2.47065e-05    2.02069e-05    4.65572e-07
  1            0.5    2.04351e-05    9.66741e-06    7.94939e-07
  2              1    1.18453e-05    4.08316e-05    1.34381e-06
  3            1.5    6.06517e-08     1.5279e-06    2.24906e-06
  4              2    1.35849e-07    2.47267e-06    3.72665e-06
  5            2.5    2.85409e-07    3.96923e-06    6.11357e-06
  6              3    5.72394e-07    6.31986e-06     9.9295e-06
  7            3.5    1.10681e-06    9.98062e-06    1.59668e-05
  8              4    2.07646e-06    1.56331e-05    2.54193e-05
  9            4.5    3.79543e-06    2.42859e-05    4.00653e-05
 10              5    6.77912e-06    3.74175e-05    6.25215e-05
 11            5.5    1.18577e-05    5.71727e-05    9.65934e-05
 12              6    2.03449e-05    8.66327e-05    0.000147748
 13            6.5    3.42842e-05    0.000130178    0.000223746
 14              7    5.68011e-05    0.000193971    0.000335463
 15            7.5    9.25975e-05     0.00028659    0.000497955
 16              8    0.000148633    0.000419851    0.000731802
 17            8.5    0.000235044    0.000609843     0.00106477
 18              9    0.000366361    0.000878232     0.00153381
 19            9.5     0.00056308     0.00125386     0.00218749
 20             10    0.000853655     0.00177467     0.00308872
 21           10.5     0.00127696     0.00248997     0.00431784
 22             11     0.00188527     0.00346302     0.00597602
 23           11.5      0.0027477       0.004774      0.0081887
 24             12     0.00395416     0.00652308       0.011109
 25           12.5     0.00561963     0.00883374      0.0149208
 26             13     0.00788866       0.011856      0.0198411
 27           13.5      0.0109397      0.0157692      0.0261214
 28             14      0.0149888      0.0207844      0.0340475
 29           14.5       0.020293      0.0271459      0.0439369
 30             15      0.0271513      0.0351305      0.0561348
 31           15.5      0.0359039      0.0450465      0.0710054
 32             16      0.0469288      0.0572284      0.0889216
 33           16.5      0.0606349      0.0720307       0.110251
 34             17      0.0774504      0.0898169       0.135335
 35           17.5       0.097808       0.110947       0.164474
 36             18       0.122125       0.135759       0.197899
 37           18.5       0.150778       0.164552       0.235746
 38             19       0.184078        0.19756       0.278037
 39           19.5        0.22224        0.23493       0.324652
 40             20       0.265348       0.276699       0.375311
 41           20.5       0.313332       0.322767       0.429557
 42             21       0.365939       0.372878       0.486752
 43           21.5       0.422713       0.426606       0.546074
 44             22       0.482983       0.483344       0.606531
 45           22.5       0.545862         0.5423       0.666977
 46             23       0.610259       0.602511       0.726149
 47           23.5       0.674899       0.662856       0.782705
 48             24       0.738365        0.72209        0.83527
 49           24.5       0.799141       0.778878       0.882497
 50             25       0.855671       0.831846       0.923116
 51           25.5       0.906427       0.879634       0.955997
 52             26       0.949976       0.920951       0.980199
 53           26.5       0.985045       0.954636       0.995012
 54             27        1.01058        0.97971              1
 55           27.5        1.02582        0.99542       0.995012
 56             28        1.03029        1.00129       0.980199
 57           28.5        1.02388       0.997112       0.955997
 58             29        1.00681       0.983011       0.923116
 59           29.5       0.979625       0.959389       0.882497
 60             30       0.943178       0.926929        0.83527
 61           30.5        0.89858       0.886561       0.782705
 62             31       0.847141       0.839413       0.726149
 63           31.5       0.790308       0.786762       0.666977
 64             32       0.729601       0.729972       0.606531
 65           32.5       0.666544       0.670441       0.546074
 66             33       0.602603        0.60954       0.486752
 67           33.5       0.539137       0.548564       0.429557
 68             34        0.47735        0.48869       0.375311
 69           34.5       0.418263       0.430941       0.324652
 70             35       0.362696       0.376163       0.278037
 71           35.5       0.311257       0.325017       0.235746
 72             36       0.264354       0.277975       0.197899
 73           36.5         0.2222       0.235328       0.164474
 74             37       0.184842         0.1972       0.135335
 75           37.5        0.15218        0.16357       0.110251
 76             38          0.124       0.134295      0.0889216
 77           38.5      0.0999982       0.109139      0.0710054
 78             39      0.0798134       0.087793      0.0561348
 79           39.5      0.0630485      0.0699032      0.0439369
 80             40      0.0492939      0.0550924      0.0340475
 81           40.5      0.0381446      0.0429777      0.0261214
 82             41      0.0292145      0.0331857      0.0198411
 83           41.5      0.0221459      0.0253637      0.0149208
 84             42      0.0166157       0.019188       0.011109
 85           42.5      0.0123389      0.0143682      0.0081887
 86             43     0.00906927      0.0106494     0.00597602
 87           43.5     0.00659793     0.00781277     0.00431784
 88             44       0.004751     0.00567333     0.00308872
 89           44.5     0.00338615     0.00407779     0.00218749
 90             45     0.00238877     0.00290111     0.00153381
 91           45.5     0.00166798     0.00204295     0.00106477
 92             46     0.00115282     0.00142399    0.000731802
 93           46.5    0.000788648    0.000982444    0.000497955
 94             47    0.000534025    0.000670909    0.000335463
 95           47.5     0.00035793    0.000453497    0.000223746
 96             48    0.000237462    0.000303418    0.000147748
 97           48.5    0.000155938    0.000200938    9.65934e-05
 98             49    0.000101361    0.000133194    6.25215e-05
 99           49.5    6.52168e-05    7.69335e-05    4.00653e-05
100             50     4.1535e-05    7.42867e-05    2.54193e-05
<end of output>
Test time =   0.00 sec
----------------------------------------------------------
Test Passed.
"--- Calcul de l'équation au temps : 2 ---.ix_iu_upwindu_laxwendroffu_exact" end time: Dec 01 19:07 CET
"--- Calcul de l'équation au temps : 2 ---.ix_iu_upwindu_laxwendroffu_exact" time elapsed: 00:00:00
----------------------------------------------------------

2/13 Testing: --- Calcul de l'équation au temps : 2 ---.002.47065e-052.02069e-054.65572e-07
2/13 Test: --- Calcul de l'équation au temps : 2 ---.002.47065e-052.02069e-054.65572e-07
Command: "/home/oem/Desktop/projet cpp/build/tests" "--gtest_filter=--- Calcul de l'équation au temps : 2 ---.002.47065e-052.02069e-054.65572e-07" "--gtest_also_run_disabled_tests"
Directory: /home/oem/Desktop/projet cpp/build
"--- Calcul de l'équation au temps : 2 ---.002.47065e-052.02069e-054.65572e-07" start time: Dec 01 19:07 CET
Output:
----------------------------------------------------------
--- Résolution du problème ---
--- Calcul de l'équation au temps : 0 ---
--- Calcul de l'équation au temps : 1 ---
--- Calcul de l'équation au temps : 2 ---
  i            x_i       u_upwind  u_laxwendroff        u_exact
  0              0    2.47065e-05    2.02069e-05    4.65572e-07
  1            0.5    2.04351e-05    9.66741e-06    7.94939e-07
  2              1    1.18453e-05    4.08316e-05    1.34381e-06
  3            1.5    6.06517e-08     1.5279e-06    2.24906e-06
  4              2    1.35849e-07    2.47267e-06    3.72665e-06
  5            2.5    2.85409e-07    3.96923e-06    6.11357e-06
  6              3    5.72394e-07    6.31986e-06     9.9295e-06
  7            3.5    1.10681e-06    9.98062e-06    1.59668e-05
  8              4    2.07646e-06    1.56331e-05    2.54193e-05
  9            4.5    3.79543e-06    2.42859e-05    4.00653e-05
 10              5    6.77912e-06    3.74175e-05    6.25215e-05
 11            5.5    1.18577e-05    5.71727e-05    9.65934e-05
 12              6    2.03449e-05    8.66327e-05    0.000147748
 13            6.5    3.42842e-05    0.000130178    0.000223746
 14              7    5.68011e-05    0.000193971    0.000335463
 15            7.5    9.25975e-05     0.00028659    0.000497955
 16              8    0.000148633    0.000419851    0.000731802
 17            8.5    0.000235044    0.000609843     0.00106477
 18              9    0.000366361    0.000878232     0.00153381
 19            9.5     0.00056308     0.00125386     0.00218749
 20             10    0.000853655     0.00177467     0.00308872
 21           10.5     0.00127696     0.00248997     0.00431784
 22             11     0.00188527     0.00346302     0.00597602
 23           11.5      0.0027477       0.004774      0.0081887
 24             12     0.00395416     0.00652308       0.011109
 25           12.5     0.00561963     0.00883374      0.0149208
 26             13     0.00788866       0.011856      0.0198411
 27           13.5      0.0109397      0.0157692      0.0261214
 28             14      0.0149888      0.0207844      0.0340475
 29           14.5       0.020293      0.0271459      0.0439369
 30             15      0.0271513      0.0351305      0.0561348
 31           15.5      0.0359039      0.0450465      0.0710054
 32             16      0.0469288      0.0572284      0.0889216
 33           16.5      0.0606349      0.0720307       0.110251
 34             17      0.0774504      0.0898169       0.135335
 35           17.5       0.097808       0.110947       0.164474
 36             18       0.122125       0.135759       0.197899
 37           18.5       0.150778       0.164552       0.235746
 38             19       0.184078        0.19756       0.278037
 39           19.5        0.22224        0.23493       0.324652
 40             20       0.265348       0.276699       0.375311
 41           20.5       0.313332       0.322767       0.429557
 42             21       0.365939       0.372878       0.486752
 43           21.5       0.422713       0.426606       0.546074
 44             22       0.482983       0.483344       0.606531
 45           22.5       0.545862         0.5423       0.666977
 46             23       0.610259       0.602511       0.726149
 47           23.5       0.674899       0.662856       0.782705
 48             24       0.738365        0.72209        0.83527
 49           24.5       0.799141       0.778878       0.882497
 50             25       0.855671       0.831846       0.923116
 51           25.5       0.906427       0.879634       0.955997
 52             26       0.949976       0.920951       0.980199
 53           26.5       0.985045       0.954636       0.995012
 54             27        1.01058        0.97971              1
 55           27.5        1.02582        0.99542       0.995012
 56             28        1.03029        1.00129       0.980199
 57           28.5        1.02388       0.997112       0.955997
 58             29        1.00681       0.983011       0.923116
 59           29.5       0.979625       0.959389       0.882497
 60             30       0.943178       0.926929        0.83527
 61           30.5        0.89858       0.886561       0.782705
 62             31       0.847141       0.839413       0.726149
 63           31.5       0.790308       0.786762       0.666977
 64             32       0.729601       0.729972       0.606531
 65           32.5       0.666544       0.670441       0.546074
 66             33       0.602603        0.60954       0.486752
 67           33.5       0.539137       0.548564       0.429557
 68             34        0.47735        0.48869       0.375311
 69           34.5       0.418263       0.430941       0.324652
 70             35       0.362696       0.376163       0.278037
 71           35.5       0.311257       0.325017       0.235746
 72             36       0.264354       0.277975       0.197899
 73           36.5         0.2222       0.235328       0.164474
 74             37       0.184842         0.1972       0.135335
 75           37.5        0.15218        0.16357       0.110251
 76             38          0.124       0.134295      0.0889216
 77           38.5      0.0999982       0.109139      0.0710054
 78             39      0.0798134       0.087793      0.0561348
 79           39.5      0.0630485      0.0699032      0.0439369
 80             40      0.0492939      0.0550924      0.0340475
 81           40.5      0.0381446      0.0429777      0.0261214
 82             41      0.0292145      0.0331857      0.0198411
 83           41.5      0.0221459      0.0253637      0.0149208
 84             42      0.0166157       0.019188       0.011109
 85           42.5      0.0123389      0.0143682      0.0081887
 86             43     0.00906927      0.0106494     0.00597602
 87           43.5     0.00659793     0.00781277     0.00431784
 88             44       0.004751     0.00567333     0.00308872
 89           44.5     0.00338615     0.00407779     0.00218749
 90             45     0.00238877     0.00290111     0.00153381
 91           45.5     0.00166798     0.00204295     0.00106477
 92             46     0.00115282     0.00142399    0.000731802
 93           46.5    0.000788648    0.000982444    0.000497955
 94             47    0.000534025    0.000670909    0.000335463
 95           47.5     0.00035793    0.000453497    0.000223746
 96             48    0.000237462    0.000303418    0.000147748
 97           48.5    0.000155938    0.000200938    9.65934e-05
 98             49    0.000101361    0.000133194    6.25215e-05
 99           49.5    6.52168e-05    7.69335e-05    4.00653e-05
100             50     4.1535e-05    7.42867e-05    2.54193e-05
<end of output>
Test time =   0.00 sec
----------------------------------------------------------
Test Passed.
"--- Calcul de l'équation au temps : 2 ---.002.47065e-052.02069e-054.65572e-07" end time: Dec 01 19:07 CET
"--- Calcul de l'équation au temps : 2 ---.002.47065e-052.02069e-054.65572e-07" time elapsed: 00:00:00
----------------------------------------------------------

3/13 Testing: --- Calcul de l'équation au temps : 2 ---.10.52.04351e-059.66741e-067.94939e-07
3/13 Test: --- Calcul de l'équation au temps : 2 ---.10.52.04351e-059.66741e-067.94939e-07
Command: "/home/oem/Desktop/projet cpp/build/tests" "--gtest_filter=--- Calcul de l'équation au temps : 2 ---.10.52.04351e-059.66741e-067.94939e-07" "--gtest_also_run_disabled_tests"
Directory: /home/oem/Desktop/projet cpp/build
"--- Calcul de l'équation au temps : 2 ---.10.52.04351e-059.66741e-067.94939e-07" start time: Dec 01 19:07 CET
Output:
----------------------------------------------------------
--- Résolution du problème ---
--- Calcul de l'équation au temps : 0 ---
--- Calcul de l'équation au temps : 1 ---
--- Calcul de l'équation au temps : 2 ---
  i            x_i       u_upwind  u_laxwendroff        u_exact
  0              0    2.47065e-05    2.02069e-05    4.65572e-07
  1            0.5    2.04351e-05    9.66741e-06    7.94939e-07
  2              1    1.18453e-05    4.08316e-05    1.34381e-06
  3            1.5    6.06517e-08     1.5279e-06    2.24906e-06
  4              2    1.35849e-07    2.47267e-06    3.72665e-06
  5            2.5    2.85409e-07    3.96923e-06    6.11357e-06
  6              3    5.72394e-07    6.31986e-06     9.9295e-06
  7            3.5    1.10681e-06    9.98062e-06    1.59668e-05
  8              4    2.07646e-06    1.56331e-05    2.54193e-05
  9            4.5    3.79543e-06    2.42859e-05    4.00653e-05
 10              5    6.77912e-06    3.74175e-05    6.25215e-05
 11            5.5    1.18577e-05    5.71727e-05    9.65934e-05
 12              6    2.03449e-05    8.66327e-05    0.000147748
 13            6.5    3.42842e-05    0.000130178    0.000223746
 14              7    5.68011e-05    0.000193971    0.000335463
 15            7.5    9.25975e-05     0.00028659    0.000497955
 16              8    0.000148633    0.000419851    0.000731802
 17            8.5    0.000235044    0.000609843     0.00106477
 18              9    0.000366361    0.000878232     0.00153381
 19            9.5     0.00056308     0.00125386     0.00218749
 20             10    0.000853655     0.00177467     0.00308872
 21           10.5     0.00127696     0.00248997     0.00431784
 22             11     0.00188527     0.00346302     0.00597602
 23           11.5      0.0027477       0.004774      0.0081887
 24             12     0.00395416     0.00652308       0.011109
 25           12.5     0.00561963     0.00883374      0.0149208
 26             13     0.00788866       0.011856      0.0198411
 27           13.5      0.0109397      0.0157692      0.0261214
 28             14      0.0149888      0.0207844      0.0340475
 29           14.5       0.020293      0.0271459      0.0439369
 30             15      0.0271513      0.0351305      0.0561348
 31           15.5      0.0359039      0.0450465      0.0710054
 32             16      0.0469288      0.0572284      0.0889216
 33           16.5      0.0606349      0.0720307       0.110251
 34             17      0.0774504      0.0898169       0.135335
 35           17.5       0.097808       0.110947       0.164474
 36             18       0.122125       0.135759       0.197899
 37           18.5       0.150778       0.164552       0.235746
 38             19       0.184078        0.19756       0.278037
 39           19.5        0.22224        0.23493       0.324652
 40             20       0.265348       0.276699       0.375311
 41           20.5       0.313332       0.322767       0.429557
 42             21       0.365939       0.372878       0.486752
 43           21.5       0.422713       0.426606       0.546074
 44             22       0.482983       0.483344       0.606531
 45           22.5       0.545862         0.5423       0.666977
 46             23       0.610259       0.602511       0.726149
 47           23.5       0.674899       0.662856       0.782705
 48             24       0.738365        0.72209        0.83527
 49           24.5       0.799141       0.778878       0.882497
 50             25       0.855671       0.831846       0.923116
 51           25.5       0.906427       0.879634       0.955997
 52             26       0.949976       0.920951       0.980199
 53           26.5       0.985045       0.954636       0.995012
 54             27        1.01058        0.97971              1
 55           27.5        1.02582        0.99542       0.995012
 56             28        1.03029        1.00129       0.980199
 57           28.5        1.02388       0.997112       0.955997
 58             29        1.00681       0.983011       0.923116
 59           29.5       0.979625       0.959389       0.882497
 60             30       0.943178       0.926929        0.83527
 61           30.5        0.89858       0.886561       0.782705
 62             31       0.847141       0.839413       0.726149
 63           31.5       0.790308       0.786762       0.666977
 64             32       0.729601       0.729972       0.606531
 65           32.5       0.666544       0.670441       0.546074
 66             33       0.602603        0.60954       0.486752
 67           33.5       0.539137       0.548564       0.429557
 68             34        0.47735        0.48869       0.375311
 69           34.5       0.418263       0.430941       0.324652
 70             35       0.362696       0.376163       0.278037
 71           35.5       0.311257       0.325017       0.235746
 72             36       0.264354       0.277975       0.197899
 73           36.5         0.2222       0.235328       0.164474
 74             37       0.184842         0.1972       0.135335
 75           37.5        0.15218        0.16357       0.110251
 76             38          0.124       0.134295      0.0889216
 77           38.5      0.0999982       0.109139      0.0710054
 78             39      0.0798134       0.087793      0.0561348
 79           39.5      0.0630485      0.0699032      0.0439369
 80             40      0.0492939      0.0550924      0.0340475
 81           40.5      0.0381446      0.0429777      0.0261214
 82             41      0.0292145      0.0331857      0.0198411
 83           41.5      0.0221459      0.0253637      0.0149208
 84             42      0.0166157       0.019188       0.011109
 85           42.5      0.0123389      0.0143682      0.0081887
 86             43     0.00906927      0.0106494     0.00597602
 87           43.5     0.00659793     0.00781277     0.00431784
 88             44       0.004751     0.00567333     0.00308872
 89           44.5     0.00338615     0.00407779     0.00218749
 90             45     0.00238877     0.00290111     0.00153381
 91           45.5     0.00166798     0.00204295     0.00106477
 92             46     0.00115282     0.00142399    0.000731802
 93           46.5    0.000788648    0.000982444    0.000497955
 94             47    0.000534025    0.000670909    0.000335463
 95           47.5     0.00035793    0.000453497    0.000223746
 96             48    0.000237462    0.000303418    0.000147748
 97           48.5    0.000155938    0.000200938    9.65934e-05
 98             49    0.000101361    0.000133194    6.25215e-05
 99           49.5    6.52168e-05    7.69335e-05    4.00653e-05
100             50     4.1535e-05    7.42867e-05    2.54193e-05
<end of output>
Test time =   0.00 sec
----------------------------------------------------------
Test Passed.
"--- Calcul de l'équation au temps : 2 ---.10.52.04351e-059.66741e-067.94939e-07" end time: Dec 01 19:07 CET
"--- Calcul de l'équation au temps : 2 ---.10.52.04351e-059.66741e-067.94939e-07" time elapsed: 00:00:00
----------------------------------------------------------

4/13 Testing: --- Calcul de l'équation au temps : 2 ---.211.18453e-054.08316e-051.34381e-06
4/13 Test: --- Calcul de l'équation au temps : 2 ---.211.18453e-054.08316e-051.34381e-06
Command: "/home/oem/Desktop/projet cpp/build/tests" "--gtest_filter=--- Calcul de l'équation au temps : 2 ---.211.18453e-054.08316e-051.34381e-06" "--gtest_also_run_disabled_tests"
Directory: /home/oem/Desktop/projet cpp/build
"--- Calcul de l'équation au temps : 2 ---.211.18453e-054.08316e-051.34381e-06" start time: Dec 01 19:07 CET
Output:
----------------------------------------------------------
--- Résolution du problème ---
--- Calcul de l'équation au temps : 0 ---
--- Calcul de l'équation au temps : 1 ---
--- Calcul de l'équation au temps : 2 ---
  i            x_i       u_upwind  u_laxwendroff        u_exact
  0              0    2.47065e-05    2.02069e-05    4.65572e-07
  1            0.5    2.04351e-05    9.66741e-06    7.94939e-07
  2              1    1.18453e-05    4.08316e-05    1.34381e-06
  3            1.5    6.06517e-08     1.5279e-06    2.24906e-06
  4              2    1.35849e-07    2.47267e-06    3.72665e-06
  5            2.5    2.85409e-07    3.96923e-06    6.11357e-06
  6              3    5.72394e-07    6.31986e-06     9.9295e-06
  7            3.5    1.10681e-06    9.98062e-06    1.59668e-05
  8              4    2.07646e-06    1.56331e-05    2.54193e-05
  9            4.5    3.79543e-06    2.42859e-05    4.00653e-05
 10              5    6.77912e-06    3.74175e-05    6.25215e-05
 11            5.5    1.18577e-05    5.71727e-05    9.65934e-05
 12              6    2.03449e-05    8.66327e-05    0.000147748
 13            6.5    3.42842e-05    0.000130178    0.000223746
 14              7    5.68011e-05    0.000193971    0.000335463
 15            7.5    9.25975e-05     0.00028659    0.000497955
 16              8    0.000148633    0.000419851    0.000731802
 17            8.5    0.000235044    0.000609843     0.00106477
 18              9    0.000366361    0.000878232     0.00153381
 19            9.5     0.00056308     0.00125386     0.00218749
 20             10    0.000853655     0.00177467     0.00308872
 21           10.5     0.00127696     0.00248997     0.00431784
 22             11     0.00188527     0.00346302     0.00597602
 23           11.5      0.0027477       0.004774      0.0081887
 24             12     0.00395416     0.00652308       0.011109
 25           12.5     0.00561963     0.00883374      0.0149208
 26             13     0.00788866       0.011856      0.0198411
 27           13.5      0.0109397      0.0157692      0.0261214
 28             14      0.0149888      0.0207844      0.0340475
 29           14.5       0.020293      0.0271459      0.0439369
 30             15      0.0271513      0.0351305      0.0561348
 31           15.5      0.0359039      0.0450465      0.0710054
 32             16      0.0469288      0.0572284      0.0889216
 33           16.5      0.0606349      0.0720307       0.110251
 34             17      0.0774504      0.0898169       0.135335
 35           17.5       0.097808       0.110947       0.164474
 36             18       0.122125       0.135759       0.197899
 37           18.5       0.150778       0.164552       0.235746
 38             19       0.184078        0.19756       0.278037
 39           19.5        0.22224        0.23493       0.324652
 40             20       0.265348       0.276699       0.375311
 41           20.5       0.313332       0.322767       0.429557
 42             21       0.365939       0.372878       0.486752
 43           21.5       0.422713       0.426606       0.546074
 44             22       0.482983       0.483344       0.606531
 45           22.5       0.545862         0.5423       0.666977
 46             23       0.610259       0.602511       0.726149
 47           23.5       0.674899       0.662856       0.782705
 48             24       0.738365        0.72209        0.83527
 49           24.5       0.799141       0.778878       0.882497
 50             25       0.855671       0.831846       0.923116
 51           25.5       0.906427       0.879634       0.955997
 52             26       0.949976       0.920951       0.980199
 53           26.5       0.985045       0.954636       0.995012
 54             27        1.01058        0.97971              1
 55           27.5        1.02582        0.99542       0.995012
 56             28        1.03029        1.00129       0.980199
 57           28.5        1.02388       0.997112       0.955997
 58             29        1.00681       0.983011       0.923116
 59           29.5       0.979625       0.959389       0.882497
 60             30       0.943178       0.926929        0.83527
 61           30.5        0.89858       0.886561       0.782705
 62             31       0.847141       0.839413       0.726149
 63           31.5       0.790308       0.786762       0.666977
 64             32       0.729601       0.729972       0.606531
 65           32.5       0.666544       0.670441       0.546074
 66             33       0.602603        0.60954       0.486752
 67           33.5       0.539137       0.548564       0.429557
 68             34        0.47735        0.48869       0.375311
 69           34.5       0.418263       0.430941       0.324652
 70             35       0.362696       0.376163       0.278037
 71           35.5       0.311257       0.325017       0.235746
 72             36       0.264354       0.277975       0.197899
 73           36.5         0.2222       0.235328       0.164474
 74             37       0.184842         0.1972       0.135335
 75           37.5        0.15218        0.16357       0.110251
 76             38          0.124       0.134295      0.0889216
 77           38.5      0.0999982       0.109139      0.0710054
 78             39      0.0798134       0.087793      0.0561348
 79           39.5      0.0630485      0.0699032      0.0439369
 80             40      0.0492939      0.0550924      0.0340475
 81           40.5      0.0381446      0.0429777      0.0261214
 82             41      0.0292145      0.0331857      0.0198411
 83           41.5      0.0221459      0.0253637      0.0149208
 84             42      0.0166157       0.019188       0.011109
 85           42.5      0.0123389      0.0143682      0.0081887
 86             43     0.00906927      0.0106494     0.00597602
 87           43.5     0.00659793     0.00781277     0.00431784
 88             44       0.004751     0.00567333     0.00308872
 89           44.5     0.00338615     0.00407779     0.00218749
 90             45     0.00238877     0.00290111     0.00153381
 91           45.5     0.00166798     0.00204295     0.00106477
 92             46     0.00115282     0.00142399    0.000731802
 93           46.5    0.000788648    0.000982444    0.000497955
 94             47    0.000534025    0.000670909    0.000335463
 95           47.5     0.00035793    0.000453497    0.000223746
 96             48    0.000237462    0.000303418    0.000147748
 97           48.5    0.000155938    0.000200938    9.65934e-05
 98             49    0.000101361    0.000133194    6.25215e-05
 99           49.5    6.52168e-05    7.69335e-05    4.00653e-05
100             50     4.1535e-05    7.42867e-05    2.54193e-05
<end of output>
Test time =   0.00 sec
----------------------------------------------------------
Test Passed.
"--- Calcul de l'équation au temps : 2 ---.211.18453e-054.08316e-051.34381e-06" end time: Dec 01 19:07 CET
"--- Calcul de l'équation au temps : 2 ---.211.18453e-054.08316e-051.34381e-06" time elapsed: 00:00:00
----------------------------------------------------------

5/13 Testing: --- Calcul de l'équation au temps : 2 ---.31.56.06517e-081.5279e-062.24906e-06
5/13 Test: --- Calcul de l'équation au temps : 2 ---.31.56.06517e-081.5279e-062.24906e-06
Command: "/home/oem/Desktop/projet cpp/build/tests" "--gtest_filter=--- Calcul de l'équation au temps : 2 ---.31.56.06517e-081.5279e-062.24906e-06" "--gtest_also_run_disabled_tests"
Directory: /home/oem/Desktop/projet cpp/build
"--- Calcul de l'équation au temps : 2 ---.31.56.06517e-081.5279e-062.24906e-06" start time: Dec 01 19:07 CET
Output:
----------------------------------------------------------
--- Résolution du problème ---
--- Calcul de l'équation au temps : 0 ---
--- Calcul de l'équation au temps : 1 ---
--- Calcul de l'équation au temps : 2 ---
  i            x_i       u_upwind  u_laxwendroff        u_exact
  0              0    2.47065e-05    2.02069e-05    4.65572e-07
  1            0.5    2.04351e-05    9.66741e-06    7.94939e-07
  2              1    1.18453e-05    4.08316e-05    1.34381e-06
  3            1.5    6.06517e-08     1.5279e-06    2.24906e-06
  4              2    1.35849e-07    2.47267e-06    3.72665e-06
  5            2.5    2.85409e-07    3.96923e-06    6.11357e-06
  6              3    5.72394e-07    6.31986e-06     9.9295e-06
  7            3.5    1.10681e-06    9.98062e-06    1.59668e-05
  8              4    2.07646e-06    1.56331e-05    2.54193e-05
  9            4.5    3.79543e-06    2.42859e-05    4.00653e-05
 10              5    6.77912e-06    3.74175e-05    6.25215e-05
 11            5.5    1.18577e-05    5.71727e-05    9.65934e-05
 12              6    2.03449e-05    8.66327e-05    0.000147748
 13            6.5    3.42842e-05    0.000130178    0.000223746
 14              7    5.68011e-05    0.000193971    0.000335463
 15            7.5    9.25975e-05     0.00028659    0.000497955
 16              8    0.000148633    0.000419851    0.000731802
 17            8.5    0.000235044    0.000609843     0.00106477
 18              9    0.000366361    0.000878232     0.00153381
 19            9.5     0.00056308     0.00125386     0.00218749
 20             10    0.000853655     0.00177467     0.00308872
 21           10.5     0.00127696     0.00248997     0.00431784
 22             11     0.00188527     0.00346302     0.00597602
 23           11.5      0.0027477       0.004774      0.0081887
 24             12     0.00395416     0.00652308       0.011109
 25           12.5     0.00561963     0.00883374      0.0149208
 26             13     0.00788866       0.011856      0.0198411
 27           13.5      0.0109397      0.0157692      0.0261214
 28             14      0.0149888      0.0207844      0.0340475
 29           14.5       0.020293      0.0271459      0.0439369
 30             15      0.0271513      0.0351305      0.0561348
 31           15.5      0.0359039      0.0450465      0.0710054
 32             16      0.0469288      0.0572284      0.0889216
 33           16.5      0.0606349      0.0720307       0.110251
 34             17      0.0774504      0.0898169       0.135335
 35           17.5       0.097808       0.110947       0.164474
 36             18       0.122125       0.135759       0.197899
 37           18.5       0.150778       0.164552       0.235746
 38             19       0.184078        0.19756       0.278037
 39           19.5        0.22224        0.23493       0.324652
 40             20       0.265348       0.276699       0.375311
 41           20.5       0.313332       0.322767       0.429557
 42             21       0.365939       0.372878       0.486752
 43           21.5       0.422713       0.426606       0.546074
 44             22       0.482983       0.483344       0.606531
 45           22.5       0.545862         0.5423       0.666977
 46             23       0.610259       0.602511       0.726149
 47           23.5       0.674899       0.662856       0.782705
 48             24       0.738365        0.72209        0.83527
 49           24.5       0.799141       0.778878       0.882497
 50             25       0.855671       0.831846       0.923116
 51           25.5       0.906427       0.879634       0.955997
 52             26       0.949976       0.920951       0.980199
 53           26.5       0.985045       0.954636       0.995012
 54             27        1.01058        0.97971              1
 55           27.5        1.02582        0.99542       0.995012
 56             28        1.03029        1.00129       0.980199
 57           28.5        1.02388       0.997112       0.955997
 58             29        1.00681       0.983011       0.923116
 59           29.5       0.979625       0.959389       0.882497
 60             30       0.943178       0.926929        0.83527
 61           30.5        0.89858       0.886561       0.782705
 62             31       0.847141       0.839413       0.726149
 63           31.5       0.790308       0.786762       0.666977
 64             32       0.729601       0.729972       0.606531
 65           32.5       0.666544       0.670441       0.546074
 66             33       0.602603        0.60954       0.486752
 67           33.5       0.539137       0.548564       0.429557
 68             34        0.47735        0.48869       0.375311
 69           34.5       0.418263       0.430941       0.324652
 70             35       0.362696       0.376163       0.278037
 71           35.5       0.311257       0.325017       0.235746
 72             36       0.264354       0.277975       0.197899
 73           36.5         0.2222       0.235328       0.164474
 74             37       0.184842         0.1972       0.135335
 75           37.5        0.15218        0.16357       0.110251
 76             38          0.124       0.134295      0.0889216
 77           38.5      0.0999982       0.109139      0.0710054
 78             39      0.0798134       0.087793      0.0561348
 79           39.5      0.0630485      0.0699032      0.0439369
 80             40      0.0492939      0.0550924      0.0340475
 81           40.5      0.0381446      0.0429777      0.0261214
 82             41      0.0292145      0.0331857      0.0198411
 83           41.5      0.0221459      0.0253637      0.0149208
 84             42      0.0166157       0.019188       0.011109
 85           42.5      0.0123389      0.0143682      0.0081887
 86             43     0.00906927      0.0106494     0.00597602
 87           43.5     0.00659793     0.00781277     0.00431784
 88             44       0.004751     0.00567333     0.00308872
 89           44.5     0.00338615     0.00407779     0.00218749
 90             45     0.00238877     0.00290111     0.00153381
 91           45.5     0.00166798     0.00204295     0.00106477
 92             46     0.00115282     0.00142399    0.000731802
 93           46.5    0.000788648    0.000982444    0.000497955
 94             47    0.000534025    0.000670909    0.000335463
 95           47.5     0.00035793    0.000453497    0.000223746
 96             48    0.000237462    0.000303418    0.000147748
 97           48.5    0.000155938    0.000200938    9.65934e-05
 98             49    0.000101361    0.000133194    6.25215e-05
 99           49.5    6.52168e-05    7.69335e-05    4.00653e-05
100             50     4.1535e-05    7.42867e-05    2.54193e-05
<end of output>
Test time =   0.00 sec
----------------------------------------------------------
Test Passed.
"--- Calcul de l'équation au temps : 2 ---.31.56.06517e-081.5279e-062.24906e-06" end time: Dec 01 19:07 CET
"--- Calcul de l'équation au temps : 2 ---.31.56.06517e-081.5279e-062.24906e-06" time elapsed: 00:00:00
----------------------------------------------------------

6/13 Testing: --- Calcul de l'équation au temps : 2 ---.421.35849e-072.47267e-063.72665e-06
6/13 Test: --- Calcul de l'équation au temps : 2 ---.421.35849e-072.47267e-063.72665e-06
Command: "/home/oem/Desktop/projet cpp/build/tests" "--gtest_filter=--- Calcul de l'équation au temps : 2 ---.421.35849e-072.47267e-063.72665e-06" "--gtest_also_run_disabled_tests"
Directory: /home/oem/Desktop/projet cpp/build
"--- Calcul de l'équation au temps : 2 ---.421.35849e-072.47267e-063.72665e-06" start time: Dec 01 19:07 CET
Output:
----------------------------------------------------------
--- Résolution du problème ---
--- Calcul de l'équation au temps : 0 ---
--- Calcul de l'équation au temps : 1 ---
--- Calcul de l'équation au temps : 2 ---
  i            x_i       u_upwind  u_laxwendroff        u_exact
  0              0    2.47065e-05    2.02069e-05    4.65572e-07
  1            0.5    2.04351e-05    9.66741e-06    7.94939e-07
  2              1    1.18453e-05    4.08316e-05    1.34381e-06
  3            1.5    6.06517e-08     1.5279e-06    2.24906e-06
  4              2    1.35849e-07    2.47267e-06    3.72665e-06
  5            2.5    2.85409e-07    3.96923e-06    6.11357e-06
  6              3    5.72394e-07    6.31986e-06     9.9295e-06
  7            3.5    1.10681e-06    9.98062e-06    1.59668e-05
  8              4    2.07646e-06    1.56331e-05    2.54193e-05
  9            4.5    3.79543e-06    2.42859e-05    4.00653e-05
 10              5    6.77912e-06    3.74175e-05    6.25215e-05
 11            5.5    1.18577e-05    5.71727e-05    9.65934e-05
 12              6    2.03449e-05    8.66327e-05    0.000147748
 13            6.5    3.42842e-05    0.000130178    0.000223746
 14              7    5.68011e-05    0.000193971    0.000335463
 15            7.5    9.25975e-05     0.00028659    0.000497955
 16              8    0.000148633    0.000419851    0.000731802
 17            8.5    0.000235044    0.000609843     0.00106477
 18              9    0.000366361    0.000878232     0.00153381
 19            9.5     0.00056308     0.00125386     0.00218749
 20             10    0.000853655     0.00177467     0.00308872
 21           10.5     0.00127696     0.00248997     0.00431784
 22             11     0.00188527     0.00346302     0.00597602
 23           11.5      0.0027477       0.004774      0.0081887
 24             12     0.00395416     0.00652308       0.011109
 25           12.5     0.00561963     0.00883374      0.0149208
 26             13     0.00788866       0.011856      0.0198411
 27           13.5      0.0109397      0.0157692      0.0261214
 28             14      0.0149888      0.0207844      0.0340475
 29           14.5       0.020293      0.0271459      0.0439369
 30             15      0.0271513      0.0351305      0.0561348
 31           15.5      0.0359039      0.0450465      0.0710054
 32             16      0.0469288      0.0572284      0.0889216
 33           16.5      0.0606349      0.0720307       0.110251
 34             17      0.0774504      0.0898169       0.135335
 35           17.5       0.097808       0.110947       0.164474
 36             18       0.122125       0.135759       0.197899
 37           18.5       0.150778       0.164552       0.235746
 38             19       0.184078        0.19756       0.278037
 39           19.5        0.22224        0.23493       0.324652
 40             20       0.265348       0.276699       0.375311
 41           20.5       0.313332       0.322767       0.429557
 42             21       0.365939       0.372878       0.486752
 43           21.5       0.422713       0.426606       0.546074
 44             22       0.482983       0.483344       0.606531
 45           22.5       0.545862         0.5423       0.666977
 46             23       0.610259       0.602511       0.726149
 47           23.5       0.674899       0.662856       0.782705
 48             24       0.738365        0.72209        0.83527
 49           24.5       0.799141       0.778878       0.882497
 50             25       0.855671       0.831846       0.923116
 51           25.5       0.906427       0.879634       0.955997
 52             26       0.949976       0.920951       0.980199
 53           26.5       0.985045       0.954636       0.995012
 54             27        1.01058        0.97971              1
 55           27.5        1.02582        0.99542       0.995012
 56             28        1.03029        1.00129       0.980199
 57           28.5        1.02388       0.997112       0.955997
 58             29        1.00681       0.983011       0.923116
 59           29.5       0.979625       0.959389       0.882497
 60             30       0.943178       0.926929        0.83527
 61           30.5        0.89858       0.886561       0.782705
 62             31       0.847141       0.839413       0.726149
 63           31.5       0.790308       0.786762       0.666977
 64             32       0.729601       0.729972       0.606531
 65           32.5       0.666544       0.670441       0.546074
 66             33       0.602603        0.60954       0.486752
 67           33.5       0.539137       0.548564       0.429557
 68             34        0.47735        0.48869       0.375311
 69           34.5       0.418263       0.430941       0.324652
 70             35       0.362696       0.376163       0.278037
 71           35.5       0.311257       0.325017       0.235746
 72             36       0.264354       0.277975       0.197899
 73           36.5         0.2222       0.235328       0.164474
 74             37       0.184842         0.1972       0.135335
 75           37.5        0.15218        0.16357       0.110251
 76             38          0.124       0.134295      0.0889216
 77           38.5      0.0999982       0.109139      0.0710054
 78             39      0.0798134       0.087793      0.0561348
 79           39.5      0.0630485      0.0699032      0.0439369
 80             40      0.0492939      0.0550924      0.0340475
 81           40.5      0.0381446      0.0429777      0.0261214
 82             41      0.0292145      0.0331857      0.0198411
 83           41.5      0.0221459      0.0253637      0.0149208
 84             42      0.0166157       0.019188       0.011109
 85           42.5      0.0123389      0.0143682      0.0081887
 86             43     0.00906927      0.0106494     0.00597602
 87           43.5     0.00659793     0.00781277     0.00431784
 88             44       0.004751     0.00567333     0.00308872
 89           44.5     0.00338615     0.00407779     0.00218749
 90             45     0.00238877     0.00290111     0.00153381
 91           45.5     0.00166798     0.00204295     0.00106477
 92             46     0.00115282     0.00142399    0.000731802
 93           46.5    0.000788648    0.000982444    0.000497955
 94             47    0.000534025    0.000670909    0.000335463
 95           47.5     0.00035793    0.000453497    0.000223746
 96             48    0.000237462    0.000303418    0.000147748
 97           48.5    0.000155938    0.000200938    9.65934e-05
 98             49    0.000101361    0.000133194    6.25215e-05
 99           49.5    6.52168e-05    7.69335e-05    4.00653e-05
100             50     4.1535e-05    7.42867e-05    2.54193e-05
<end of output>
Test time =   0.00 sec
----------------------------------------------------------
Test Passed.
"--- Calcul de l'équation au temps : 2 ---.421.35849e-072.47267e-063.72665e-06" end time: Dec 01 19:07 CET
"--- Calcul de l'équation au temps : 2 ---.421.35849e-072.47267e-063.72665e-06" time elapsed: 00:00:00
----------------------------------------------------------

7/13 Testing: --- Calcul de l'équation au temps : 2 ---.52.52.85409e-073.96923e-066.11357e-06
7/13 Test: --- Calcul de l'équation au temps : 2 ---.52.52.85409e-073.96923e-066.11357e-06
Command: "/home/oem/Desktop/projet cpp/build/tests" "--gtest_filter=--- Calcul de l'équation au temps : 2 ---.52.52.85409e-073.96923e-066.11357e-06" "--gtest_also_run_disabled_tests"
Directory: /home/oem/Desktop/projet cpp/build
"--- Calcul de l'équation au temps : 2 ---.52.52.85409e-073.96923e-066.11357e-06" start time: Dec 01 19:07 CET
Output:
----------------------------------------------------------
--- Résolution du problème ---
--- Calcul de l'équation au temps : 0 ---
--- Calcul de l'équation au temps : 1 ---
--- Calcul de l'équation au temps : 2 ---
  i            x_i       u_upwind  u_laxwendroff        u_exact
  0              0    2.47065e-05    2.02069e-05    4.65572e-07
  1            0.5    2.04351e-05    9.66741e-06    7.94939e-07
  2              1    1.18453e-05    4.08316e-05    1.34381e-06
  3            1.5    6.06517e-08     1.5279e-06    2.24906e-06
  4              2    1.35849e-07    2.47267e-06    3.72665e-06
  5            2.5    2.85409e-07    3.96923e-06    6.11357e-06
  6              3    5.72394e-07    6.31986e-06     9.9295e-06
  7            3.5    1.10681e-06    9.98062e-06    1.59668e-05
  8              4    2.07646e-06    1.56331e-05    2.54193e-05
  9            4.5    3.79543e-06    2.42859e-05    4.00653e-05
 10              5    6.77912e-06    3.74175e-05    6.25215e-05
 11            5.5    1.18577e-05    5.71727e-05    9.65934e-05
 12              6    2.03449e-05    8.66327e-05    0.000147748
 13            6.5    3.42842e-05    0.000130178    0.000223746
 14              7    5.68011e-05    0.000193971    0.000335463
 15            7.5    9.25975e-05     0.00028659    0.000497955
 16              8    0.000148633    0.000419851    0.000731802
 17            8.5    0.000235044    0.000609843     0.00106477
 18              9    0.000366361    0.000878232     0.00153381
 19            9.5     0.00056308     0.00125386     0.00218749
 20             10    0.000853655     0.00177467     0.00308872
 21           10.5     0.00127696     0.00248997     0.00431784
 22             11     0.00188527     0.00346302     0.00597602
 23           11.5      0.0027477       0.004774      0.0081887
 24             12     0.00395416     0.00652308       0.011109
 25           12.5     0.00561963     0.00883374      0.0149208
 26             13     0.00788866       0.011856      0.0198411
 27           13.5      0.0109397      0.0157692      0.0261214
 28             14      0.0149888      0.0207844      0.0340475
 29           14.5       0.020293      0.0271459      0.0439369
 30             15      0.0271513      0.0351305      0.0561348
 31           15.5      0.0359039      0.0450465      0.0710054
 32             16      0.0469288      0.0572284      0.0889216
 33           16.5      0.0606349      0.0720307       0.110251
 34             17      0.0774504      0.0898169       0.135335
 35           17.5       0.097808       0.110947       0.164474
 36             18       0.122125       0.135759       0.197899
 37           18.5       0.150778       0.164552       0.235746
 38             19       0.184078        0.19756       0.278037
 39           19.5        0.22224        0.23493       0.324652
 40             20       0.265348       0.276699       0.375311
 41           20.5       0.313332       0.322767       0.429557
 42             21       0.365939       0.372878       0.486752
 43           21.5       0.422713       0.426606       0.546074
 44             22       0.482983       0.483344       0.606531
 45           22.5       0.545862         0.5423       0.666977
 46             23       0.610259       0.602511       0.726149
 47           23.5       0.674899       0.662856       0.782705
 48             24       0.738365        0.72209        0.83527
 49           24.5       0.799141       0.778878       0.882497
 50             25       0.855671       0.831846       0.923116
 51           25.5       0.906427       0.879634       0.955997
 52             26       0.949976       0.920951       0.980199
 53           26.5       0.985045       0.954636       0.995012
 54             27        1.01058        0.97971              1
 55           27.5        1.02582        0.99542       0.995012
 56             28        1.03029        1.00129       0.980199
 57           28.5        1.02388       0.997112       0.955997
 58             29        1.00681       0.983011       0.923116
 59           29.5       0.979625       0.959389       0.882497
 60             30       0.943178       0.926929        0.83527
 61           30.5        0.89858       0.886561       0.782705
 62             31       0.847141       0.839413       0.726149
 63           31.5       0.790308       0.786762       0.666977
 64             32       0.729601       0.729972       0.606531
 65           32.5       0.666544       0.670441       0.546074
 66             33       0.602603        0.60954       0.486752
 67           33.5       0.539137       0.548564       0.429557
 68             34        0.47735        0.48869       0.375311
 69           34.5       0.418263       0.430941       0.324652
 70             35       0.362696       0.376163       0.278037
 71           35.5       0.311257       0.325017       0.235746
 72             36       0.264354       0.277975       0.197899
 73           36.5         0.2222       0.235328       0.164474
 74             37       0.184842         0.1972       0.135335
 75           37.5        0.15218        0.16357       0.110251
 76             38          0.124       0.134295      0.0889216
 77           38.5      0.0999982       0.109139      0.0710054
 78             39      0.0798134       0.087793      0.0561348
 79           39.5      0.0630485      0.0699032      0.0439369
 80             40      0.0492939      0.0550924      0.0340475
 81           40.5      0.0381446      0.0429777      0.0261214
 82             41      0.0292145      0.0331857      0.0198411
 83           41.5      0.0221459      0.0253637      0.0149208
 84             42      0.0166157       0.019188       0.011109
 85           42.5      0.0123389      0.0143682      0.0081887
 86             43     0.00906927      0.0106494     0.00597602
 87           43.5     0.00659793     0.00781277     0.00431784
 88             44       0.004751     0.00567333     0.00308872
 89           44.5     0.00338615     0.00407779     0.00218749
 90             45     0.00238877     0.00290111     0.00153381
 91           45.5     0.00166798     0.00204295     0.00106477
 92             46     0.00115282     0.00142399    0.000731802
 93           46.5    0.000788648    0.000982444    0.000497955
 94             47    0.000534025    0.000670909    0.000335463
 95           47.5     0.00035793    0.000453497    0.000223746
 96             48    0.000237462    0.000303418    0.000147748
 97           48.5    0.000155938    0.000200938    9.65934e-05
 98             49    0.000101361    0.000133194    6.25215e-05
 99           49.5    6.52168e-05    7.69335e-05    4.00653e-05
100             50     4.1535e-05    7.42867e-05    2.54193e-05
<end of output>
Test time =   0.00 sec
----------------------------------------------------------
Test Passed.
"--- Calcul de l'équation au temps : 2 ---.52.52.85409e-073.96923e-066.11357e-06" end time: Dec 01 19:07 CET
"--- Calcul de l'équation au temps : 2 ---.52.52.85409e-073.96923e-066.11357e-06" time elapsed: 00:00:00
----------------------------------------------------------

8/13 Testing: --- Calcul de l'équation au temps : 2 ---.635.72394e-076.31986e-069.9295e-06
8/13 Test: --- Calcul de l'équation au temps : 2 ---.635.72394e-076.31986e-069.9295e-06
Command: "/home/oem/Desktop/projet cpp/build/tests" "--gtest_filter=--- Calcul de l'équation au temps : 2 ---.635.72394e-076.31986e-069.9295e-06" "--gtest_also_run_disabled_tests"
Directory: /home/oem/Desktop/projet cpp/build
"--- Calcul de l'équation au temps : 2 ---.635.72394e-076.31986e-069.9295e-06" start time: Dec 01 19:07 CET
Output:
----------------------------------------------------------
--- Résolution du problème ---
--- Calcul de l'équation au temps : 0 ---
--- Calcul de l'équation au temps : 1 ---
--- Calcul de l'équation au temps : 2 ---
  i            x_i       u_upwind  u_laxwendroff        u_exact
  0              0    2.47065e-05    2.02069e-05    4.65572e-07
  1            0.5    2.04351e-05    9.66741e-06    7.94939e-07
  2              1    1.18453e-05    4.08316e-05    1.34381e-06
  3            1.5    6.06517e-08     1.5279e-06    2.24906e-06
  4              2    1.35849e-07    2.47267e-06    3.72665e-06
  5            2.5    2.85409e-07    3.96923e-06    6.11357e-06
  6              3    5.72394e-07    6.31986e-06     9.9295e-06
  7            3.5    1.10681e-06    9.98062e-06    1.59668e-05
  8              4    2.07646e-06    1.56331e-05    2.54193e-05
  9            4.5    3.79543e-06    2.42859e-05    4.00653e-05
 10              5    6.77912e-06    3.74175e-05    6.25215e-05
 11            5.5    1.18577e-05    5.71727e-05    9.65934e-05
 12              6    2.03449e-05    8.66327e-05    0.000147748
 13            6.5    3.42842e-05    0.000130178    0.000223746
 14              7    5.68011e-05    0.000193971    0.000335463
 15            7.5    9.25975e-05     0.00028659    0.000497955
 16              8    0.000148633    0.000419851    0.000731802
 17            8.5    0.000235044    0.000609843     0.00106477
 18              9    0.000366361    0.000878232     0.00153381
 19            9.5     0.00056308     0.00125386     0.00218749
 20             10    0.000853655     0.00177467     0.00308872
 21           10.5     0.00127696     0.00248997     0.00431784
 22             11     0.00188527     0.00346302     0.00597602
 23           11.5      0.0027477       0.004774      0.0081887
 24             12     0.00395416     0.00652308       0.011109
 25           12.5     0.00561963     0.00883374      0.0149208
 26             13     0.00788866       0.011856      0.0198411
 27           13.5      0.0109397      0.0157692      0.0261214
 28             14      0.0149888      0.0207844      0.0340475
 29           14.5       0.020293      0.0271459      0.0439369
 30             15      0.0271513      0.0351305      0.0561348
 31           15.5      0.0359039      0.0450465      0.0710054
 32             16      0.0469288      0.0572284      0.0889216
 33           16.5      0.0606349      0.0720307       0.110251
 34             17      0.0774504      0.0898169       0.135335
 35           17.5       0.097808       0.110947       0.164474
 36             18       0.122125       0.135759       0.197899
 37           18.5       0.150778       0.164552       0.235746
 38             19       0.184078        0.19756       0.278037
 39           19.5        0.22224        0.23493       0.324652
 40             20       0.265348       0.276699       0.375311
 41           20.5       0.313332       0.322767       0.429557
 42             21       0.365939       0.372878       0.486752
 43           21.5       0.422713       0.426606       0.546074
 44             22       0.482983       0.483344       0.606531
 45           22.5       0.545862         0.5423       0.666977
 46             23       0.610259       0.602511       0.726149
 47           23.5       0.674899       0.662856       0.782705
 48             24       0.738365        0.72209        0.83527
 49           24.5       0.799141       0.778878       0.882497
 50             25       0.855671       0.831846       0.923116
 51           25.5       0.906427       0.879634       0.955997
 52             26       0.949976       0.920951       0.980199
 53           26.5       0.985045       0.954636       0.995012
 54             27        1.01058        0.97971              1
 55           27.5        1.02582        0.99542       0.995012
 56             28        1.03029        1.00129       0.980199
 57           28.5        1.02388       0.997112       0.955997
 58             29        1.00681       0.983011       0.923116
 59           29.5       0.979625       0.959389       0.882497
 60             30       0.943178       0.926929        0.83527
 61           30.5        0.89858       0.886561       0.782705
 62             31       0.847141       0.839413       0.726149
 63           31.5       0.790308       0.786762       0.666977
 64             32       0.729601       0.729972       0.606531
 65           32.5       0.666544       0.670441       0.546074
 66             33       0.602603        0.60954       0.486752
 67           33.5       0.539137       0.548564       0.429557
 68             34        0.47735        0.48869       0.375311
 69           34.5       0.418263       0.430941       0.324652
 70             35       0.362696       0.376163       0.278037
 71           35.5       0.311257       0.325017       0.235746
 72             36       0.264354       0.277975       0.197899
 73           36.5         0.2222       0.235328       0.164474
 74             37       0.184842         0.1972       0.135335
 75           37.5        0.15218        0.16357       0.110251
 76             38          0.124       0.134295      0.0889216
 77           38.5      0.0999982       0.109139      0.0710054
 78             39      0.0798134       0.087793      0.0561348
 79           39.5      0.0630485      0.0699032      0.0439369
 80             40      0.0492939      0.0550924      0.0340475
 81           40.5      0.0381446      0.0429777      0.0261214
 82             41      0.0292145      0.0331857      0.0198411
 83           41.5      0.0221459      0.0253637      0.0149208
 84             42      0.0166157       0.019188       0.011109
 85           42.5      0.0123389      0.0143682      0.0081887
 86             43     0.00906927      0.0106494     0.00597602
 87           43.5     0.00659793     0.00781277     0.00431784
 88             44       0.004751     0.00567333     0.00308872
 89           44.5     0.00338615     0.00407779     0.00218749
 90             45     0.00238877     0.00290111     0.00153381
 91           45.5     0.00166798     0.00204295     0.00106477
 92             46     0.00115282     0.00142399    0.000731802
 93           46.5    0.000788648    0.000982444    0.000497955
 94             47    0.000534025    0.000670909    0.000335463
 95           47.5     0.00035793    0.000453497    0.000223746
 96             48    0.000237462    0.000303418    0.000147748
 97           48.5    0.000155938    0.000200938    9.65934e-05
 98             49    0.000101361    0.000133194    6.25215e-05
 99           49.5    6.52168e-05    7.69335e-05    4.00653e-05
100             50     4.1535e-05    7.42867e-05    2.54193e-05
<end of output>
Test time =   0.00 sec
----------------------------------------------------------
Test Passed.
"--- Calcul de l'équation au temps : 2 ---.635.72394e-076.31986e-069.9295e-06" end time: Dec 01 19:07 CET
"--- Calcul de l'équation au temps : 2 ---.635.72394e-076.31986e-069.9295e-06" time elapsed: 00:00:00
----------------------------------------------------------

9/13 Testing: --- Calcul de l'équation au temps : 2 ---.73.51.10681e-069.98062e-061.59668e-05
9/13 Test: --- Calcul de l'équation au temps : 2 ---.73.51.10681e-069.98062e-061.59668e-05
Command: "/home/oem/Desktop/projet cpp/build/tests" "--gtest_filter=--- Calcul de l'équation au temps : 2 ---.73.51.10681e-069.98062e-061.59668e-05" "--gtest_also_run_disabled_tests"
Directory: /home/oem/Desktop/projet cpp/build
"--- Calcul de l'équation au temps : 2 ---.73.51.10681e-069.98062e-061.59668e-05" start time: Dec 01 19:07 CET
Output:
----------------------------------------------------------
--- Résolution du problème ---
--- Calcul de l'équation au temps : 0 ---
--- Calcul de l'équation au temps : 1 ---
--- Calcul de l'équation au temps : 2 ---
  i            x_i       u_upwind  u_laxwendroff        u_exact
  0              0    2.47065e-05    2.02069e-05    4.65572e-07
  1            0.5    2.04351e-05    9.66741e-06    7.94939e-07
  2              1    1.18453e-05    4.08316e-05    1.34381e-06
  3            1.5    6.06517e-08     1.5279e-06    2.24906e-06
  4              2    1.35849e-07    2.47267e-06    3.72665e-06
  5            2.5    2.85409e-07    3.96923e-06    6.11357e-06
  6              3    5.72394e-07    6.31986e-06     9.9295e-06
  7            3.5    1.10681e-06    9.98062e-06    1.59668e-05
  8              4    2.07646e-06    1.56331e-05    2.54193e-05
  9            4.5    3.79543e-06    2.42859e-05    4.00653e-05
 10              5    6.77912e-06    3.74175e-05    6.25215e-05
 11            5.5    1.18577e-05    5.71727e-05    9.65934e-05
 12              6    2.03449e-05    8.66327e-05    0.000147748
 13            6.5    3.42842e-05    0.000130178    0.000223746
 14              7    5.68011e-05    0.000193971    0.000335463
 15            7.5    9.25975e-05     0.00028659    0.000497955
 16              8    0.000148633    0.000419851    0.000731802
 17            8.5    0.000235044    0.000609843     0.00106477
 18              9    0.000366361    0.000878232     0.00153381
 19            9.5     0.00056308     0.00125386     0.00218749
 20             10    0.000853655     0.00177467     0.00308872
 21           10.5     0.00127696     0.00248997     0.00431784
 22             11     0.00188527     0.00346302     0.00597602
 23           11.5      0.0027477       0.004774      0.0081887
 24             12     0.00395416     0.00652308       0.011109
 25           12.5     0.00561963     0.00883374      0.0149208
 26             13     0.00788866       0.011856      0.0198411
 27           13.5      0.0109397      0.0157692      0.0261214
 28             14      0.0149888      0.0207844      0.0340475
 29           14.5       0.020293      0.0271459      0.0439369
 30             15      0.0271513      0.0351305      0.0561348
 31           15.5      0.0359039      0.0450465      0.0710054
 32             16      0.0469288      0.0572284      0.0889216
 33           16.5      0.0606349      0.0720307       0.110251
 34             17      0.0774504      0.0898169       0.135335
 35           17.5       0.097808       0.110947       0.164474
 36             18       0.122125       0.135759       0.197899
 37           18.5       0.150778       0.164552       0.235746
 38             19       0.184078        0.19756       0.278037
 39           19.5        0.22224        0.23493       0.324652
 40             20       0.265348       0.276699       0.375311
 41           20.5       0.313332       0.322767       0.429557
 42             21       0.365939       0.372878       0.486752
 43           21.5       0.422713       0.426606       0.546074
 44             22       0.482983       0.483344       0.606531
 45           22.5       0.545862         0.5423       0.666977
 46             23       0.610259       0.602511       0.726149
 47           23.5       0.674899       0.662856       0.782705
 48             24       0.738365        0.72209        0.83527
 49           24.5       0.799141       0.778878       0.882497
 50             25       0.855671       0.831846       0.923116
 51           25.5       0.906427       0.879634       0.955997
 52             26       0.949976       0.920951       0.980199
 53           26.5       0.985045       0.954636       0.995012
 54             27        1.01058        0.97971              1
 55           27.5        1.02582        0.99542       0.995012
 56             28        1.03029        1.00129       0.980199
 57           28.5        1.02388       0.997112       0.955997
 58             29        1.00681       0.983011       0.923116
 59           29.5       0.979625       0.959389       0.882497
 60             30       0.943178       0.926929        0.83527
 61           30.5        0.89858       0.886561       0.782705
 62             31       0.847141       0.839413       0.726149
 63           31.5       0.790308       0.786762       0.666977
 64             32       0.729601       0.729972       0.606531
 65           32.5       0.666544       0.670441       0.546074
 66             33       0.602603        0.60954       0.486752
 67           33.5       0.539137       0.548564       0.429557
 68             34        0.47735        0.48869       0.375311
 69           34.5       0.418263       0.430941       0.324652
 70             35       0.362696       0.376163       0.278037
 71           35.5       0.311257       0.325017       0.235746
 72             36       0.264354       0.277975       0.197899
 73           36.5         0.2222       0.235328       0.164474
 74             37       0.184842         0.1972       0.135335
 75           37.5        0.15218        0.16357       0.110251
 76             38          0.124       0.134295      0.0889216
 77           38.5      0.0999982       0.109139      0.0710054
 78             39      0.0798134       0.087793      0.0561348
 79           39.5      0.0630485      0.0699032      0.0439369
 80             40      0.0492939      0.0550924      0.0340475
 81           40.5      0.0381446      0.0429777      0.0261214
 82             41      0.0292145      0.0331857      0.0198411
 83           41.5      0.0221459      0.0253637      0.0149208
 84             42      0.0166157       0.019188       0.011109
 85           42.5      0.0123389      0.0143682      0.0081887
 86             43     0.00906927      0.0106494     0.00597602
 87           43.5     0.00659793     0.00781277     0.00431784
 88             44       0.004751     0.00567333     0.00308872
 89           44.5     0.00338615     0.00407779     0.00218749
 90             45     0.00238877     0.00290111     0.00153381
 91           45.5     0.00166798     0.00204295     0.00106477
 92             46     0.00115282     0.00142399    0.000731802
 93           46.5    0.000788648    0.000982444    0.000497955
 94             47    0.000534025    0.000670909    0.000335463
 95           47.5     0.00035793    0.000453497    0.000223746
 96             48    0.000237462    0.000303418    0.000147748
 97           48.5    0.000155938    0.000200938    9.65934e-05
 98             49    0.000101361    0.000133194    6.25215e-05
 99           49.5    6.52168e-05    7.69335e-05    4.00653e-05
100             50     4.1535e-05    7.42867e-05    2.54193e-05
<end of output>
Test time =   0.00 sec
----------------------------------------------------------
Test Passed.
"--- Calcul de l'équation au temps : 2 ---.73.51.10681e-069.98062e-061.59668e-05" end time: Dec 01 19:07 CET
"--- Calcul de l'équation au temps : 2 ---.73.51.10681e-069.98062e-061.59668e-05" time elapsed: 00:00:00
----------------------------------------------------------

10/13 Testing: --- Calcul de l'équation au temps : 2 ---.842.07646e-061.56331e-052.54193e-05
10/13 Test: --- Calcul de l'équation au temps : 2 ---.842.07646e-061.56331e-052.54193e-05
Command: "/home/oem/Desktop/projet cpp/build/tests" "--gtest_filter=--- Calcul de l'équation au temps : 2 ---.842.07646e-061.56331e-052.54193e-05" "--gtest_also_run_disabled_tests"
Directory: /home/oem/Desktop/projet cpp/build
"--- Calcul de l'équation au temps : 2 ---.842.07646e-061.56331e-052.54193e-05" start time: Dec 01 19:07 CET
Output:
----------------------------------------------------------
--- Résolution du problème ---
--- Calcul de l'équation au temps : 0 ---
--- Calcul de l'équation au temps : 1 ---
--- Calcul de l'équation au temps : 2 ---
  i            x_i       u_upwind  u_laxwendroff        u_exact
  0              0    2.47065e-05    2.02069e-05    4.65572e-07
  1            0.5    2.04351e-05    9.66741e-06    7.94939e-07
  2              1    1.18453e-05    4.08316e-05    1.34381e-06
  3            1.5    6.06517e-08     1.5279e-06    2.24906e-06
  4              2    1.35849e-07    2.47267e-06    3.72665e-06
  5            2.5    2.85409e-07    3.96923e-06    6.11357e-06
  6              3    5.72394e-07    6.31986e-06     9.9295e-06
  7            3.5    1.10681e-06    9.98062e-06    1.59668e-05
  8              4    2.07646e-06    1.56331e-05    2.54193e-05
  9            4.5    3.79543e-06    2.42859e-05    4.00653e-05
 10              5    6.77912e-06    3.74175e-05    6.25215e-05
 11            5.5    1.18577e-05    5.71727e-05    9.65934e-05
 12              6    2.03449e-05    8.66327e-05    0.000147748
 13            6.5    3.42842e-05    0.000130178    0.000223746
 14              7    5.68011e-05    0.000193971    0.000335463
 15            7.5    9.25975e-05     0.00028659    0.000497955
 16              8    0.000148633    0.000419851    0.000731802
 17            8.5    0.000235044    0.000609843     0.00106477
 18              9    0.000366361    0.000878232     0.00153381
 19            9.5     0.00056308     0.00125386     0.00218749
 20             10    0.000853655     0.00177467     0.00308872
 21           10.5     0.00127696     0.00248997     0.00431784
 22             11     0.00188527     0.00346302     0.00597602
 23           11.5      0.0027477       0.004774      0.0081887
 24             12     0.00395416     0.00652308       0.011109
 25           12.5     0.00561963     0.00883374      0.0149208
 26             13     0.00788866       0.011856      0.0198411
 27           13.5      0.0109397      0.0157692      0.0261214
 28             14      0.0149888      0.0207844      0.0340475
 29           14.5       0.020293      0.0271459      0.0439369
 30             15      0.0271513      0.0351305      0.0561348
 31           15.5      0.0359039      0.0450465      0.0710054
 32             16      0.0469288      0.0572284      0.0889216
 33           16.5      0.0606349      0.0720307       0.110251
 34             17      0.0774504      0.0898169       0.135335
 35           17.5       0.097808       0.110947       0.164474
 36             18       0.122125       0.135759       0.197899
 37           18.5       0.150778       0.164552       0.235746
 38             19       0.184078        0.19756       0.278037
 39           19.5        0.22224        0.23493       0.324652
 40             20       0.265348       0.276699       0.375311
 41           20.5       0.313332       0.322767       0.429557
 42             21       0.365939       0.372878       0.486752
 43           21.5       0.422713       0.426606       0.546074
 44             22       0.482983       0.483344       0.606531
 45           22.5       0.545862         0.5423       0.666977
 46             23       0.610259       0.602511       0.726149
 47           23.5       0.674899       0.662856       0.782705
 48             24       0.738365        0.72209        0.83527
 49           24.5       0.799141       0.778878       0.882497
 50             25       0.855671       0.831846       0.923116
 51           25.5       0.906427       0.879634       0.955997
 52             26       0.949976       0.920951       0.980199
 53           26.5       0.985045       0.954636       0.995012
 54             27        1.01058        0.97971              1
 55           27.5        1.02582        0.99542       0.995012
 56             28        1.03029        1.00129       0.980199
 57           28.5        1.02388       0.997112       0.955997
 58             29        1.00681       0.983011       0.923116
 59           29.5       0.979625       0.959389       0.882497
 60             30       0.943178       0.926929        0.83527
 61           30.5        0.89858       0.886561       0.782705
 62             31       0.847141       0.839413       0.726149
 63           31.5       0.790308       0.786762       0.666977
 64             32       0.729601       0.729972       0.606531
 65           32.5       0.666544       0.670441       0.546074
 66             33       0.602603        0.60954       0.486752
 67           33.5       0.539137       0.548564       0.429557
 68             34        0.47735        0.48869       0.375311
 69           34.5       0.418263       0.430941       0.324652
 70             35       0.362696       0.376163       0.278037
 71           35.5       0.311257       0.325017       0.235746
 72             36       0.264354       0.277975       0.197899
 73           36.5         0.2222       0.235328       0.164474
 74             37       0.184842         0.1972       0.135335
 75           37.5        0.15218        0.16357       0.110251
 76             38          0.124       0.134295      0.0889216
 77           38.5      0.0999982       0.109139      0.0710054
 78             39      0.0798134       0.087793      0.0561348
 79           39.5      0.0630485      0.0699032      0.0439369
 80             40      0.0492939      0.0550924      0.0340475
 81           40.5      0.0381446      0.0429777      0.0261214
 82             41      0.0292145      0.0331857      0.0198411
 83           41.5      0.0221459      0.0253637      0.0149208
 84             42      0.0166157       0.019188       0.011109
 85           42.5      0.0123389      0.0143682      0.0081887
 86             43     0.00906927      0.0106494     0.00597602
 87           43.5     0.00659793     0.00781277     0.00431784
 88             44       0.004751     0.00567333     0.00308872
 89           44.5     0.00338615     0.00407779     0.00218749
 90             45     0.00238877     0.00290111     0.00153381
 91           45.5     0.00166798     0.00204295     0.00106477
 92             46     0.00115282     0.00142399    0.000731802
 93           46.5    0.000788648    0.000982444    0.000497955
 94             47    0.000534025    0.000670909    0.000335463
 95           47.5     0.00035793    0.000453497    0.000223746
 96             48    0.000237462    0.000303418    0.000147748
 97           48.5    0.000155938    0.000200938    9.65934e-05
 98             49    0.000101361    0.000133194    6.25215e-05
 99           49.5    6.52168e-05    7.69335e-05    4.00653e-05
100             50     4.1535e-05    7.42867e-05    2.54193e-05
<end of output>
Test time =   0.00 sec
----------------------------------------------------------
Test Passed.
"--- Calcul de l'équation au temps : 2 ---.842.07646e-061.56331e-052.54193e-05" end time: Dec 01 19:07 CET
"--- Calcul de l'équation au temps : 2 ---.842.07646e-061.56331e-052.54193e-05" time elapsed: 00:00:00
----------------------------------------------------------

11/13 Testing: --- Calcul de l'équation au temps : 2 ---.94.53.79543e-062.42859e-054.00653e-05
11/13 Test: --- Calcul de l'équation au temps : 2 ---.94.53.79543e-062.42859e-054.00653e-05
Command: "/home/oem/Desktop/projet cpp/build/tests" "--gtest_filter=--- Calcul de l'équation au temps : 2 ---.94.53.79543e-062.42859e-054.00653e-05" "--gtest_also_run_disabled_tests"
Directory: /home/oem/Desktop/projet cpp/build
"--- Calcul de l'équation au temps : 2 ---.94.53.79543e-062.42859e-054.00653e-05" start time: Dec 01 19:07 CET
Output:
----------------------------------------------------------
--- Résolution du problème ---
--- Calcul de l'équation au temps : 0 ---
--- Calcul de l'équation au temps : 1 ---
--- Calcul de l'équation au temps : 2 ---
  i            x_i       u_upwind  u_laxwendroff        u_exact
  0              0    2.47065e-05    2.02069e-05    4.65572e-07
  1            0.5    2.04351e-05    9.66741e-06    7.94939e-07
  2              1    1.18453e-05    4.08316e-05    1.34381e-06
  3            1.5    6.06517e-08     1.5279e-06    2.24906e-06
  4              2    1.35849e-07    2.47267e-06    3.72665e-06
  5            2.5    2.85409e-07    3.96923e-06    6.11357e-06
  6              3    5.72394e-07    6.31986e-06     9.9295e-06
  7            3.5    1.10681e-06    9.98062e-06    1.59668e-05
  8              4    2.07646e-06    1.56331e-05    2.54193e-05
  9            4.5    3.79543e-06    2.42859e-05    4.00653e-05
 10              5    6.77912e-06    3.74175e-05    6.25215e-05
 11            5.5    1.18577e-05    5.71727e-05    9.65934e-05
 12              6    2.03449e-05    8.66327e-05    0.000147748
 13            6.5    3.42842e-05    0.000130178    0.000223746
 14              7    5.68011e-05    0.000193971    0.000335463
 15            7.5    9.25975e-05     0.00028659    0.000497955
 16              8    0.000148633    0.000419851    0.000731802
 17            8.5    0.000235044    0.000609843     0.00106477
 18              9    0.000366361    0.000878232     0.00153381
 19            9.5     0.00056308     0.00125386     0.00218749
 20             10    0.000853655     0.00177467     0.00308872
 21           10.5     0.00127696     0.00248997     0.00431784
 22             11     0.00188527     0.00346302     0.00597602
 23           11.5      0.0027477       0.004774      0.0081887
 24             12     0.00395416     0.00652308       0.011109
 25           12.5     0.00561963     0.00883374      0.0149208
 26             13     0.00788866       0.011856      0.0198411
 27           13.5      0.0109397      0.0157692      0.0261214
 28             14      0.0149888      0.0207844      0.0340475
 29           14.5       0.020293      0.0271459      0.0439369
 30             15      0.0271513      0.0351305      0.0561348
 31           15.5      0.0359039      0.0450465      0.0710054
 32             16      0.0469288      0.0572284      0.0889216
 33           16.5      0.0606349      0.0720307       0.110251
 34             17      0.0774504      0.0898169       0.135335
 35           17.5       0.097808       0.110947       0.164474
 36             18       0.122125       0.135759       0.197899
 37           18.5       0.150778       0.164552       0.235746
 38             19       0.184078        0.19756       0.278037
 39           19.5        0.22224        0.23493       0.324652
 40             20       0.265348       0.276699       0.375311
 41           20.5       0.313332       0.322767       0.429557
 42             21       0.365939       0.372878       0.486752
 43           21.5       0.422713       0.426606       0.546074
 44             22       0.482983       0.483344       0.606531
 45           22.5       0.545862         0.5423       0.666977
 46             23       0.610259       0.602511       0.726149
 47           23.5       0.674899       0.662856       0.782705
 48             24       0.738365        0.72209        0.83527
 49           24.5       0.799141       0.778878       0.882497
 50             25       0.855671       0.831846       0.923116
 51           25.5       0.906427       0.879634       0.955997
 52             26       0.949976       0.920951       0.980199
 53           26.5       0.985045       0.954636       0.995012
 54             27        1.01058        0.97971              1
 55           27.5        1.02582        0.99542       0.995012
 56             28        1.03029        1.00129       0.980199
 57           28.5        1.02388       0.997112       0.955997
 58             29        1.00681       0.983011       0.923116
 59           29.5       0.979625       0.959389       0.882497
 60             30       0.943178       0.926929        0.83527
 61           30.5        0.89858       0.886561       0.782705
 62             31       0.847141       0.839413       0.726149
 63           31.5       0.790308       0.786762       0.666977
 64             32       0.729601       0.729972       0.606531
 65           32.5       0.666544       0.670441       0.546074
 66             33       0.602603        0.60954       0.486752
 67           33.5       0.539137       0.548564       0.429557
 68             34        0.47735        0.48869       0.375311
 69           34.5       0.418263       0.430941       0.324652
 70             35       0.362696       0.376163       0.278037
 71           35.5       0.311257       0.325017       0.235746
 72             36       0.264354       0.277975       0.197899
 73           36.5         0.2222       0.235328       0.164474
 74             37       0.184842         0.1972       0.135335
 75           37.5        0.15218        0.16357       0.110251
 76             38          0.124       0.134295      0.0889216
 77           38.5      0.0999982       0.109139      0.0710054
 78             39      0.0798134       0.087793      0.0561348
 79           39.5      0.0630485      0.0699032      0.0439369
 80             40      0.0492939      0.0550924      0.0340475
 81           40.5      0.0381446      0.0429777      0.0261214
 82             41      0.0292145      0.0331857      0.0198411
 83           41.5      0.0221459      0.0253637      0.0149208
 84             42      0.0166157       0.019188       0.011109
 85           42.5      0.0123389      0.0143682      0.0081887
 86             43     0.00906927      0.0106494     0.00597602
 87           43.5     0.00659793     0.00781277     0.00431784
 88             44       0.004751     0.00567333     0.00308872
 89           44.5     0.00338615     0.00407779     0.00218749
 90             45     0.00238877     0.00290111     0.00153381
 91           45.5     0.00166798     0.00204295     0.00106477
 92             46     0.00115282     0.00142399    0.000731802
 93           46.5    0.000788648    0.000982444    0.000497955
 94             47    0.000534025    0.000670909    0.000335463
 95           47.5     0.00035793    0.000453497    0.000223746
 96             48    0.000237462    0.000303418    0.000147748
 97           48.5    0.000155938    0.000200938    9.65934e-05
 98             49    0.000101361    0.000133194    6.25215e-05
 99           49.5    6.52168e-05    7.69335e-05    4.00653e-05
100             50     4.1535e-05    7.42867e-05    2.54193e-05
<end of output>
Test time =   0.00 sec
----------------------------------------------------------
Test Passed.
"--- Calcul de l'équation au temps : 2 ---.94.53.79543e-062.42859e-054.00653e-05" end time: Dec 01 19:07 CET
"--- Calcul de l'équation au temps : 2 ---.94.53.79543e-062.42859e-054.00653e-05" time elapsed: 00:00:00
----------------------------------------------------------

12/13 Testing: structure_test
12/13 Test: structure_test
Command: "/home/oem/Desktop/projet cpp/build/simulation"
Directory: /home/oem/Desktop/projet cpp/build
"structure_test" start time: Dec 01 19:07 CET
Output:
----------------------------------------------------------
--- Résolution du problème ---
--- Calcul de l'équation au temps : 0 ---
--- Calcul de l'équation au temps : 1 ---
--- Calcul de l'équation au temps : 2 ---
  i            x_i       u_upwind  u_laxwendroff        u_exact
  0              0    2.47065e-05    2.02069e-05    4.65572e-07
  1            0.5    2.04351e-05    9.66741e-06    7.94939e-07
  2              1    1.18453e-05    4.08316e-05    1.34381e-06
  3            1.5    6.06517e-08     1.5279e-06    2.24906e-06
  4              2    1.35849e-07    2.47267e-06    3.72665e-06
  5            2.5    2.85409e-07    3.96923e-06    6.11357e-06
  6              3    5.72394e-07    6.31986e-06     9.9295e-06
  7            3.5    1.10681e-06    9.98062e-06    1.59668e-05
  8              4    2.07646e-06    1.56331e-05    2.54193e-05
  9            4.5    3.79543e-06    2.42859e-05    4.00653e-05
 10              5    6.77912e-06    3.74175e-05    6.25215e-05
 11            5.5    1.18577e-05    5.71727e-05    9.65934e-05
 12              6    2.03449e-05    8.66327e-05    0.000147748
 13            6.5    3.42842e-05    0.000130178    0.000223746
 14              7    5.68011e-05    0.000193971    0.000335463
 15            7.5    9.25975e-05     0.00028659    0.000497955
 16              8    0.000148633    0.000419851    0.000731802
 17            8.5    0.000235044    0.000609843     0.00106477
 18              9    0.000366361    0.000878232     0.00153381
 19            9.5     0.00056308     0.00125386     0.00218749
 20             10    0.000853655     0.00177467     0.00308872
 21           10.5     0.00127696     0.00248997     0.00431784
 22             11     0.00188527     0.00346302     0.00597602
 23           11.5      0.0027477       0.004774      0.0081887
 24             12     0.00395416     0.00652308       0.011109
 25           12.5     0.00561963     0.00883374      0.0149208
 26             13     0.00788866       0.011856      0.0198411
 27           13.5      0.0109397      0.0157692      0.0261214
 28             14      0.0149888      0.0207844      0.0340475
 29           14.5       0.020293      0.0271459      0.0439369
 30             15      0.0271513      0.0351305      0.0561348
 31           15.5      0.0359039      0.0450465      0.0710054
 32             16      0.0469288      0.0572284      0.0889216
 33           16.5      0.0606349      0.0720307       0.110251
 34             17      0.0774504      0.0898169       0.135335
 35           17.5       0.097808       0.110947       0.164474
 36             18       0.122125       0.135759       0.197899
 37           18.5       0.150778       0.164552       0.235746
 38             19       0.184078        0.19756       0.278037
 39           19.5        0.22224        0.23493       0.324652
 40             20       0.265348       0.276699       0.375311
 41           20.5       0.313332       0.322767       0.429557
 42             21       0.365939       0.372878       0.486752
 43           21.5       0.422713       0.426606       0.546074
 44             22       0.482983       0.483344       0.606531
 45           22.5       0.545862         0.5423       0.666977
 46             23       0.610259       0.602511       0.726149
 47           23.5       0.674899       0.662856       0.782705
 48             24       0.738365        0.72209        0.83527
 49           24.5       0.799141       0.778878       0.882497
 50             25       0.855671       0.831846       0.923116
 51           25.5       0.906427       0.879634       0.955997
 52             26       0.949976       0.920951       0.980199
 53           26.5       0.985045       0.954636       0.995012
 54             27        1.01058        0.97971              1
 55           27.5        1.02582        0.99542       0.995012
 56             28        1.03029        1.00129       0.980199
 57           28.5        1.02388       0.997112       0.955997
 58             29        1.00681       0.983011       0.923116
 59           29.5       0.979625       0.959389       0.882497
 60             30       0.943178       0.926929        0.83527
 61           30.5        0.89858       0.886561       0.782705
 62             31       0.847141       0.839413       0.726149
 63           31.5       0.790308       0.786762       0.666977
 64             32       0.729601       0.729972       0.606531
 65           32.5       0.666544       0.670441       0.546074
 66             33       0.602603        0.60954       0.486752
 67           33.5       0.539137       0.548564       0.429557
 68             34        0.47735        0.48869       0.375311
 69           34.5       0.418263       0.430941       0.324652
 70             35       0.362696       0.376163       0.278037
 71           35.5       0.311257       0.325017       0.235746
 72             36       0.264354       0.277975       0.197899
 73           36.5         0.2222       0.235328       0.164474
 74             37       0.184842         0.1972       0.135335
 75           37.5        0.15218        0.16357       0.110251
 76             38          0.124       0.134295      0.0889216
 77           38.5      0.0999982       0.109139      0.0710054
 78             39      0.0798134       0.087793      0.0561348
 79           39.5      0.0630485      0.0699032      0.0439369
 80             40      0.0492939      0.0550924      0.0340475
 81           40.5      0.0381446      0.0429777      0.0261214
 82             41      0.0292145      0.0331857      0.0198411
 83           41.5      0.0221459      0.0253637      0.0149208
 84             42      0.0166157       0.019188       0.011109
 85           42.5      0.0123389      0.0143682      0.0081887
 86             43     0.00906927      0.0106494     0.00597602
 87           43.5     0.00659793     0.00781277     0.00431784
 88             44       0.004751     0.00567333     0.00308872
 89           44.5     0.00338615     0.00407779     0.00218749
 90             45     0.00238877     0.00290111     0.00153381
 91           45.5     0.00166798     0.00204295     0.00106477
 92             46     0.00115282     0.00142399    0.000731802
 93           46.5    0.000788648    0.000982444    0.000497955
 94             47    0.000534025    0.000670909    0.000335463
 95           47.5     0.00035793    0.000453497    0.000223746
 96             48    0.000237462    0.000303418    0.000147748
 97           48.5    0.000155938    0.000200938    9.65934e-05
 98             49    0.000101361    0.000133194    6.25215e-05
 99           49.5    6.52168e-05    7.69335e-05    4.00653e-05
100             50     4.1535e-05    7.42867e-05    2.54193e-05
<end of output>
Test time =   0.00 sec
----------------------------------------------------------
Test Passed.
"structure_test" end time: Dec 01 19:07 CET
"structure_test" time elapsed: 00:00:00
----------------------------------------------------------

13/13 Testing: UnitaryTest
13/13 Test: UnitaryTest
Command: "/home/oem/Desktop/projet cpp/build/tests"
Directory: /home/oem/Desktop/projet cpp/build
"UnitaryTest" start time: Dec 01 19:07 CET
Output:
----------------------------------------------------------
--- Résolution du problème ---
--- Calcul de l'équation au temps : 0 ---
--- Calcul de l'équation au temps : 1 ---
--- Calcul de l'équation au temps : 2 ---
  i            x_i       u_upwind  u_laxwendroff        u_exact
  0              0    2.47065e-05    2.02069e-05    4.65572e-07
  1            0.5    2.04351e-05    9.66741e-06    7.94939e-07
  2              1    1.18453e-05    4.08316e-05    1.34381e-06
  3            1.5    6.06517e-08     1.5279e-06    2.24906e-06
  4              2    1.35849e-07    2.47267e-06    3.72665e-06
  5            2.5    2.85409e-07    3.96923e-06    6.11357e-06
  6              3    5.72394e-07    6.31986e-06     9.9295e-06
  7            3.5    1.10681e-06    9.98062e-06    1.59668e-05
  8              4    2.07646e-06    1.56331e-05    2.54193e-05
  9            4.5    3.79543e-06    2.42859e-05    4.00653e-05
 10              5    6.77912e-06    3.74175e-05    6.25215e-05
 11            5.5    1.18577e-05    5.71727e-05    9.65934e-05
 12              6    2.03449e-05    8.66327e-05    0.000147748
 13            6.5    3.42842e-05    0.000130178    0.000223746
 14              7    5.68011e-05    0.000193971    0.000335463
 15            7.5    9.25975e-05     0.00028659    0.000497955
 16              8    0.000148633    0.000419851    0.000731802
 17            8.5    0.000235044    0.000609843     0.00106477
 18              9    0.000366361    0.000878232     0.00153381
 19            9.5     0.00056308     0.00125386     0.00218749
 20             10    0.000853655     0.00177467     0.00308872
 21           10.5     0.00127696     0.00248997     0.00431784
 22             11     0.00188527     0.00346302     0.00597602
 23           11.5      0.0027477       0.004774      0.0081887
 24             12     0.00395416     0.00652308       0.011109
 25           12.5     0.00561963     0.00883374      0.0149208
 26             13     0.00788866       0.011856      0.0198411
 27           13.5      0.0109397      0.0157692      0.0261214
 28             14      0.0149888      0.0207844      0.0340475
 29           14.5       0.020293      0.0271459      0.0439369
 30             15      0.0271513      0.0351305      0.0561348
 31           15.5      0.0359039      0.0450465      0.0710054
 32             16      0.0469288      0.0572284      0.0889216
 33           16.5      0.0606349      0.0720307       0.110251
 34             17      0.0774504      0.0898169       0.135335
 35           17.5       0.097808       0.110947       0.164474
 36             18       0.122125       0.135759       0.197899
 37           18.5       0.150778       0.164552       0.235746
 38             19       0.184078        0.19756       0.278037
 39           19.5        0.22224        0.23493       0.324652
 40             20       0.265348       0.276699       0.375311
 41           20.5       0.313332       0.322767       0.429557
 42             21       0.365939       0.372878       0.486752
 43           21.5       0.422713       0.426606       0.546074
 44             22       0.482983       0.483344       0.606531
 45           22.5       0.545862         0.5423       0.666977
 46             23       0.610259       0.602511       0.726149
 47           23.5       0.674899       0.662856       0.782705
 48             24       0.738365        0.72209        0.83527
 49           24.5       0.799141       0.778878       0.882497
 50             25       0.855671       0.831846       0.923116
 51           25.5       0.906427       0.879634       0.955997
 52             26       0.949976       0.920951       0.980199
 53           26.5       0.985045       0.954636       0.995012
 54             27        1.01058        0.97971              1
 55           27.5        1.02582        0.99542       0.995012
 56             28        1.03029        1.00129       0.980199
 57           28.5        1.02388       0.997112       0.955997
 58             29        1.00681       0.983011       0.923116
 59           29.5       0.979625       0.959389       0.882497
 60             30       0.943178       0.926929        0.83527
 61           30.5        0.89858       0.886561       0.782705
 62             31       0.847141       0.839413       0.726149
 63           31.5       0.790308       0.786762       0.666977
 64             32       0.729601       0.729972       0.606531
 65           32.5       0.666544       0.670441       0.546074
 66             33       0.602603        0.60954       0.486752
 67           33.5       0.539137       0.548564       0.429557
 68             34        0.47735        0.48869       0.375311
 69           34.5       0.418263       0.430941       0.324652
 70             35       0.362696       0.376163       0.278037
 71           35.5       0.311257       0.325017       0.235746
 72             36       0.264354       0.277975       0.197899
 73           36.5         0.2222       0.235328       0.164474
 74             37       0.184842         0.1972       0.135335
 75           37.5        0.15218        0.16357       0.110251
 76             38          0.124       0.134295      0.0889216
 77           38.5      0.0999982       0.109139      0.0710054
 78             39      0.0798134       0.087793      0.0561348
 79           39.5      0.0630485      0.0699032      0.0439369
 80             40      0.0492939      0.0550924      0.0340475
 81           40.5      0.0381446      0.0429777      0.0261214
 82             41      0.0292145      0.0331857      0.0198411
 83           41.5      0.0221459      0.0253637      0.0149208
 84             42      0.0166157       0.019188       0.011109
 85           42.5      0.0123389      0.0143682      0.0081887
 86             43     0.00906927      0.0106494     0.00597602
 87           43.5     0.00659793     0.00781277     0.00431784
 88             44       0.004751     0.00567333     0.00308872
 89           44.5     0.00338615     0.00407779     0.00218749
 90             45     0.00238877     0.00290111     0.00153381
 91           45.5     0.00166798     0.00204295     0.00106477
 92             46     0.00115282     0.00142399    0.000731802
 93           46.5    0.000788648    0.000982444    0.000497955
 94             47    0.000534025    0.000670909    0.000335463
 95           47.5     0.00035793    0.000453497    0.000223746
 96             48    0.000237462    0.000303418    0.000147748
 97           48.5    0.000155938    0.000200938    9.65934e-05
 98             49    0.000101361    0.000133194    6.25215e-05
 99           49.5    6.52168e-05    7.69335e-05    4.00653e-05
100             50     4.1535e-05    7.42867e-05    2.54193e-05
<end of output>
Test time =   0.00 sec
----------------------------------------------------------
Test Passed.
"UnitaryTest" end time: Dec 01 19:07 CET
"UnitaryTest" time elapsed: 00:00:00
----------------------------------------------------------

End testing: Dec 01 19:07 CET
